Release 14.7 - xst P.20131013 (nt64)
Copyright (c) 1995-2013 Xilinx, Inc.  All rights reserved.
--> Parameter TMPDIR set to xst/projnav.tmp


Total REAL time to Xst completion: 0.00 secs
Total CPU time to Xst completion: 0.08 secs
 
--> Parameter xsthdpdir set to xst


Total REAL time to Xst completion: 0.00 secs
Total CPU time to Xst completion: 0.08 secs
 
--> Reading design: LAN_IDE_CP.prj

TABLE OF CONTENTS
  1) Synthesis Options Summary
  2) HDL Compilation
  3) Design Hierarchy Analysis
  4) HDL Analysis
  5) HDL Synthesis
     5.1) HDL Synthesis Report
  6) Advanced HDL Synthesis
     6.1) Advanced HDL Synthesis Report
  7) Low Level Synthesis
  8) Partition Report
  9) Final Report

=========================================================================
*                      Synthesis Options Summary                        *
=========================================================================
---- Source Parameters
Input File Name                    : "LAN_IDE_CP.prj"
Input Format                       : mixed
Ignore Synthesis Constraint File   : NO

---- Target Parameters
Output File Name                   : "LAN_IDE_CP"
Output Format                      : NGC
Target Device                      : XC9500XL CPLDs

---- Source Options
Top Module Name                    : LAN_IDE_CP
Automatic FSM Extraction           : YES
FSM Encoding Algorithm             : Gray
Safe Implementation                : No
Mux Extraction                     : Yes
Resource Sharing                   : YES

---- Target Options
Add IO Buffers                     : YES
MACRO Preserve                     : YES
XOR Preserve                       : YES
Equivalent register Removal        : YES

---- General Options
Optimization Goal                  : Speed
Optimization Effort                : 2
Keep Hierarchy                     : Yes
Netlist Hierarchy                  : As_Optimized
RTL Output                         : Yes
Hierarchy Separator                : /
Bus Delimiter                      : <>
Case Specifier                     : Maintain
Verilog 2001                       : YES

---- Other Options
Clock Enable                       : YES
wysiwyg                            : NO

=========================================================================

Setting FSM Encoding Algorithm to : Gray


=========================================================================
*                          HDL Compilation                              *
=========================================================================
Compiling vhdl file "C:/Users/Matze/Amiga/Hardwarehacks/Zorro-LAN-IDE/Logic/LAN_IDE_V2/LAN_IDE_CP-Z2v2.vhd" in Library work.
Entity <lan_ide_cp> compiled.
Entity <lan_ide_cp> (Architecture <behavioral>) compiled.

=========================================================================
*                     Design Hierarchy Analysis                         *
=========================================================================
Analyzing hierarchy for entity <LAN_IDE_CP> in library <work> (architecture <behavioral>).


=========================================================================
*                            HDL Analysis                               *
=========================================================================
Analyzing Entity <LAN_IDE_CP> in library <work> (Architecture <behavioral>).
Entity <LAN_IDE_CP> analyzed. Unit <LAN_IDE_CP> generated.


=========================================================================
*                           HDL Synthesis                               *
=========================================================================

Performing bidirectional port resolution...
INFO:Xst:2561 - Always blocking tristate driving signal <A> in unit <LAN_IDE_CP> is removed.

Synthesizing Unit <LAN_IDE_CP>.
    Related source file is "C:/Users/Matze/Amiga/Hardwarehacks/Zorro-LAN-IDE/Logic/LAN_IDE_V2/LAN_IDE_CP-Z2v2.vhd".
WARNING:Xst:647 - Input <DS0> is never used. This port will be preserved and left unconnected if it belongs to a top-level block or it belongs to a sub-block and the hierarchy of this sub-block is preserved.
WARNING:Xst:647 - Input <DS1> is never used. This port will be preserved and left unconnected if it belongs to a top-level block or it belongs to a sub-block and the hierarchy of this sub-block is preserved.
WARNING:Xst:647 - Input <FCS> is never used. This port will be preserved and left unconnected if it belongs to a top-level block or it belongs to a sub-block and the hierarchy of this sub-block is preserved.
WARNING:Xst:647 - Input <Z3> is never used. This port will be preserved and left unconnected if it belongs to a top-level block or it belongs to a sub-block and the hierarchy of this sub-block is preserved.
WARNING:Xst:647 - Input <MTCR> is never used. This port will be preserved and left unconnected if it belongs to a top-level block or it belongs to a sub-block and the hierarchy of this sub-block is preserved.
WARNING:Xst:646 - Signal <ROM_OE_D0> is assigned but never used. This unconnected signal will be trimmed during the optimization process.
WARNING:Xst:1780 - Signal <LAN_INT_D0> is never used or assigned. This unconnected signal will be trimmed during the optimization process.
WARNING:Xst:1780 - Signal <DTACK_S> is never used or assigned. This unconnected signal will be trimmed during the optimization process.
WARNING:Xst:646 - Signal <DECODE_RESET> is assigned but never used. This unconnected signal will be trimmed during the optimization process.
    Found finite state machine <FSM_0> for signal <LAN_RST_SM>.
    -----------------------------------------------------------------------
    | States             | 8                                              |
    | Transitions        | 8                                              |
    | Inputs             | 0                                              |
    | Outputs            | 8                                              |
    | Clock              | CLK_EXT                   (rising_edge)        |
    | Reset              | RESET                     (negative)           |
    | Reset type         | synchronous                                    |
    | Reset State        | nop                                            |
    | Power Up State     | nop                                            |
    | Encoding           | gray                                           |
    | Implementation     | automatic                                      |
    -----------------------------------------------------------------------
    Found 16-bit tristate buffer for signal <D>.
    Found 16-bit tristate buffer for signal <DQ>.
    Found 1-bit tristate buffer for signal <OWN>.
    Found 1-bit tristate buffer for signal <OVR>.
    Found 1-bit tristate buffer for signal <MTACK>.
    Found 1-bit tristate buffer for signal <DTACK>.
    Found 1-bit tristate buffer for signal <INT2_OUT>.
    Found 1-bit tristate buffer for signal <INT6_OUT>.
    Found 1-bit xor2 for signal <AMIGA_CLK$xor0000> created at line 148.
    Found 2-bit register for signal <AUTO_CONFIG_DONE>.
    Found 2-bit register for signal <AUTO_CONFIG_DONE_CYCLE>.
    Found 2-bit adder for signal <AUTO_CONFIG_DONE_CYCLE$addsub0000> created at line 459.
    Found 1-bit register for signal <autoconfig>.
    Found 2-bit comparator less for signal <autoconfig$cmp_lt0000> created at line 217.
    Found 1-bit register for signal <cp>.
    Found 8-bit comparator equal for signal <cp$cmp_eq0000> created at line 227.
    Found 8-bit register for signal <CP_BASEADR>.
    Found 1-bit register for signal <CP_RD_S>.
    Found 1-bit register for signal <CP_WE_QUIRK>.
    Found 1-bit register for signal <CP_WE_S>.
    Found 4-bit register for signal <Dout1>.
    Found 3-bit comparator less for signal <Dout1$cmp_lt0000> created at line 381.
    Found 1-bit register for signal <DS_D>.
    Found 1-bit register for signal <ide>.
    Found 8-bit comparator equal for signal <ide$cmp_eq0000> created at line 231.
    Found 8-bit register for signal <IDE_BASEADR>.
    Found 1-bit register for signal <IDE_ENABLE>.
    Found 1-bit register for signal <IDE_R_S>.
    Found 1-bit register for signal <IDE_TERM>.
    Found 1-bit register for signal <IDE_W_S>.
    Found 1-bit register for signal <lan_adr>.
    Found 1-bit register for signal <lan_adr_sw>.
    Found 8-bit comparator equal for signal <lan_adr_sw$cmp_eq0000> created at line 220.
    Found 2-bit comparator less for signal <lan_adr_sw$cmp_lt0000> created at line 221.
    Found 8-bit register for signal <LAN_BASEADR>.
    Found 1-bit register for signal <LAN_CS_RST>.
    Found 1-bit register for signal <LAN_INT_ENABLE>.
    Found 1-bit register for signal <LAN_IRQ_D0>.
    Found 1-bit register for signal <LAN_IRQ_OUT>.
    Found 1-bit register for signal <LAN_RD_S>.
    Found 1-bit register for signal <LAN_WR_RST>.
    Found 1-bit register for signal <LAN_WRH_S>.
    Found 1-bit register for signal <LAN_WRL_S>.
    Found 1-bit register for signal <lancp>.
    Found 1-bit register for signal <ROM_OE_S>.
    Found 3-bit register for signal <SHUT_UP>.
    Summary:
	inferred   1 Finite State Machine(s).
	inferred  24 D-type flip-flop(s).
	inferred   1 Adder/Subtractor(s).
	inferred   6 Comparator(s).
	inferred   1 Xor(s).
	inferred  38 Tristate(s).
Unit <LAN_IDE_CP> synthesized.


=========================================================================
HDL Synthesis Report

Macro Statistics
# Adders/Subtractors                                   : 1
 2-bit adder                                           : 1
# Registers                                            : 32
 1-bit register                                        : 26
 2-bit register                                        : 2
 4-bit register                                        : 1
 8-bit register                                        : 3
# Comparators                                          : 6
 2-bit comparator less                                 : 2
 3-bit comparator less                                 : 1
 8-bit comparator equal                                : 3
# Tristates                                            : 8
 1-bit tristate buffer                                 : 6
 16-bit tristate buffer                                : 2
# Xors                                                 : 1
 1-bit xor2                                            : 1

=========================================================================

=========================================================================
*                       Advanced HDL Synthesis                          *
=========================================================================

Optimizing FSM <LAN_RST_SM/FSM> on signal <LAN_RST_SM[1:3]> with gray encoding.
------------------------
 State      | Encoding
------------------------
 nop        | 000
 wait0      | 001
 clr        | 011
 clr_commit | 010
 wait1      | 110
 set        | 111
 set_commit | 101
 done       | 100
------------------------

=========================================================================
Advanced HDL Synthesis Report

Macro Statistics
# FSMs                                                 : 1
# Adders/Subtractors                                   : 1
 2-bit adder                                           : 1
# Registers                                            : 24
 Flip-Flops                                            : 24
# Comparators                                          : 3
 8-bit comparator equal                                : 3

=========================================================================

=========================================================================
*                         Low Level Synthesis                           *
=========================================================================

Optimizing unit <LAN_IDE_CP> ...
  implementation constraint: INIT=r	 : LAN_RST_SM_FSM_FFd3
  implementation constraint: INIT=r	 : LAN_RST_SM_FSM_FFd2
  implementation constraint: INIT=r	 : LAN_RST_SM_FSM_FFd1

=========================================================================
*                           Partition Report                            *
=========================================================================

Partition Implementation Status
-------------------------------

  No Partitions were found in this design.

-------------------------------

=========================================================================
*                            Final Report                               *
=========================================================================
Final Results
RTL Top Level Output File Name     : LAN_IDE_CP.ngr
Top Level Output File Name         : LAN_IDE_CP
Output Format                      : NGC
Optimization Goal                  : Speed
Keep Hierarchy                     : Yes
Target Technology                  : XC9500XL CPLDs
Macro Preserve                     : YES
XOR Preserve                       : YES
Clock Enable                       : YES
wysiwyg                            : NO

Design Statistics
# IOs                              : 113

Cell Usage :
# BELS                             : 864
#      AND2                        : 211
#      AND3                        : 67
#      AND4                        : 8
#      AND5                        : 3
#      AND8                        : 3
#      GND                         : 1
#      INV                         : 345
#      OR2                         : 187
#      OR3                         : 10
#      OR4                         : 2
#      XOR2                        : 27
# FlipFlops/Latches                : 61
#      FD                          : 5
#      FDC                         : 9
#      FDCE                        : 6
#      FDP                         : 8
#      FDPE                        : 33
# IO Buffers                       : 107
#      IBUF                        : 36
#      IOBUFE                      : 32
#      OBUF                        : 33
#      OBUFE                       : 6
=========================================================================


Total REAL time to Xst completion: 3.00 secs
Total CPU time to Xst completion: 2.73 secs
 
--> 

Total memory usage is 4514352 kilobytes

Number of errors   :    0 (   0 filtered)
Number of warnings :    9 (   0 filtered)
Number of infos    :    1 (   0 filtered)

